0:100  0:100  MemLog inited, TSC freq: 3192449840
0:100  0:000  CPU was calibrated with RTC
0:100  0:000  
0:100  0:000  Now is 16.7.2019,  3:32:43 (GMT)
0:100  0:000  Starting Clover revision: 4928 on American Megatrends EFI
0:100  0:000  Build with: [Args: -mc --no-usb -D NO_GRUB_DRIVERS_EMBEDDED -t XCODE8 | -D DISABLE_USB_SUPPORT -D NO_GRUB_DRIVERS_EMBEDDED --conf=/Users/sky/src/edk2/Conf -D USE_BIOS_BLOCKIO -D USE_LOW_EBDA -a X64 -b RELEASE -t XCODE8 -n 5 | OS: 10.14.4 | XCODE: 10.2.1]
0:100  0:000  SelfDevicePath=PciRoot(0x0)\Pci(0x14,0x0)\USB(0x1,0x0)\HD(1,GPT,D89276D8-16DB-4070-AF67-A11A46BFEB18,0x28,0x64000) @C8FD4598
0:100  0:000  SelfDirPath = \EFI\BOOT
0:108  0:008  === [ Get Smbios ] ========================================
0:108  0:000  Type 16 Index = 0
0:108  0:000  Total Memory Slots Count = 2
0:108  0:000  Type 17 Index = 0
0:108  0:000  SmbiosTable.Type17->Speed = 2400MHz
0:108  0:000  SmbiosTable.Type17->Size = 4096MB
0:109  0:000  SmbiosTable.Type17->Bank/Device =  DIMM1
0:109  0:000  SmbiosTable.Type17->Vendor = SK Hynix
0:109  0:000  SmbiosTable.Type17->SerialNumber = 81503C6D
0:109  0:000  SmbiosTable.Type17->PartNumber = HMA851U6AFR6N-UH    
0:109  0:000  Type 17 Index = 1
0:109  0:000  SmbiosTable.Type17->Speed = 2400MHz
0:109  0:000  SmbiosTable.Type17->Size = 4096MB
0:109  0:000  SmbiosTable.Type17->Bank/Device =  DIMM2
0:109  0:000  SmbiosTable.Type17->Vendor = Kingston
0:109  0:000  SmbiosTable.Type17->SerialNumber = 2327A85B
0:109  0:000  SmbiosTable.Type17->PartNumber = 9905678-014.A00G    
0:109  0:000  Boot status=0
0:109  0:000  Running on: 'OptiPlex 3046' with board '01DDN5'
0:109  0:000  === [ GetCPUProperties ] ==================================
0:109  0:000  CPU Vendor = 756E6547 Model=506E3
0:109  0:000   The CPU supported SSE4.1
0:109  0:000  BrandString = Intel(R) Core(TM) i5-6500 CPU @ 3.20GHz
0:109  0:000   The CPU supported turbo
0:109  0:000  MSR 0x35               40004
0:109  0:000   TSC/CCC Information Leaf:
0:109  0:000    numerator     : 266
0:109  0:000    denominator   : 2
0:109  0:000   Calibrated ARTFrequency: 24003382
0:109  0:000  MSR 0xE2 before patch 7E008006
0:109  0:000  MSR 0xE2 is locked, PM patches will be turned on
0:109  0:000  MSR 0xCE              00080838_F1012000
0:109  0:000  corrected FLEX_RATIO = 0
0:109  0:000  MSR 0x1B0             00000000
0:109  0:000  FSBFrequency = 100 MHz, DMI FSBFrequency = 100 MHz, Corrected FSBFrequency = 100 MHz
0:109  0:000  MaxDiv/MinDiv: 32.0/8
0:109  0:000  Turbo: 33/34/35/36
0:109  0:000  Features: 0xBFEBFBFF
0:109  0:000  Threads: 4
0:109  0:000  Cores: 4
0:109  0:000  FSB: 100 MHz
0:109  0:000  CPU: 3200 MHz
0:109  0:000  TSC: 3200 MHz
0:109  0:000  PIS: 100 MHz
0:109  0:000  ExternalClock: 25 MHz
0:109  0:000  === [ GetDevices ] ========================================
0:109  0:000  PCI (00|00:00.00) : 8086 191F class=060000
0:109  0:000  PCI (00|00:01.00) : 8086 1901 class=060400
0:109  0:000  PCI (00|00:02.00) : 8086 1912 class=030000
0:109  0:000   - GFX: Model=Intel HD Graphics 530 (Intel)
0:109  0:000  PCI (00|00:14.00) : 8086 A12F class=0C0330
0:109  0:000  PCI (00|00:14.02) : 8086 A131 class=118000
0:109  0:000  PCI (00|00:16.00) : 8086 A13A class=078000
0:109  0:000  PCI (00|00:17.00) : 8086 A102 class=010601
0:109  0:000  PCI (00|00:1C.00) : 8086 A114 class=060400
0:109  0:000  PCI (00|02:00.00) : 10EC 8168 class=020000
0:109  0:000   - LAN: 0 Vendor=Realtek
0:109  0:000  PCI (00|00:1C.06) : 8086 A116 class=060400
0:109  0:000  PCI (00|03:00.00) : 10EC 8168 class=020000
0:109  0:000   - LAN: 1 Vendor=Realtek
0:109  0:000  PCI (00|00:1F.00) : 8086 A143 class=060100
0:109  0:000  PCI (00|00:1F.02) : 8086 A121 class=058000
0:109  0:000  PCI (00|00:1F.03) : 8086 A170 class=040300
0:109  0:000  PCI (00|00:1F.04) : 8086 A123 class=0C0500
0:109  0:000  === [ GetDefaultSettings ] ================================
0:109  0:000  Clover load options size = 182 bytes
0:145  0:035  EFI\CLOVER\.plist not loaded with name from LoadOptions: Invalid Parameter
0:145  0:000  EFI\CLOVER\config.plist loaded: Success
0:145  0:000  === [ GetListOfThemes ] ===================================
0:150  0:004  - [00]: SimpleThemeDark
0:150  0:000  - [01]: Hackintosh_ID
0:159  0:009  - [02]: Clovy
0:181  0:021  === [ Found config plists ] ===============================
0:181  0:000  - config_UHD630_4K_HBR2_3E9B0000.plist
0:181  0:000  - config_HD5300_5500_6000.plist
0:181  0:000  - config_HD515_520_530_540.plist
0:181  0:000  - config_HD615_620_630_640_650.plist
0:181  0:000  - config_UHD630_HDMI.plist
0:181  0:000  - config_HD615.plist
0:181  0:000  - config_UHD620_HD620_59160000.plist
0:181  0:000  - config_HD510.plist
0:181  0:000  - config_HD5000_5100_5200.plist
0:181  0:000  - config_WHISKEYLAKE_3EA0.plist
0:181  0:000  - config_HD5600.plist
0:181  0:000  - config_10.12_NVME.plist
0:181  0:000  - config.plist
0:181  0:000  - config_HD550_P530.plist
0:181  0:000  - config_UHD630_1080P_HBR_3E9B0000.plist
0:181  0:000  - config_UHD630_HDMI_part.plist
0:181  0:000  - config_HD4600_4400_4200.plist
0:181  0:000  - config_Nvidia.plist
0:181  0:000  - config_HD615_620_630_640_650_spoof.plist
0:181  0:000  - config_bk.plist
0:181  0:000  === [ GetEarlyUserSettings ] ==============================
0:181  0:000  timeout set to 5
0:181  0:000  Custom boot CUSTOM_BOOT_DISABLED (0x0)
0:181  0:000  ForceKextsToLoad: 1 requested
0:181  0:000   - [0]: System\Library\Extensions\IONetworkingFamily.kext
0:181  0:000  KextsToPatch: 14 requested
0:181  0:000   - [00]: AppleIntelBDWGraphicsFramebuffer (DVMT for AppleIntelBDWGraphicsFramebuffer (Credits DalianSky) for 10.14.x) :: MatchOS: 10.14.x :: BinPatch :: data len: 5
0:181  0:000   - [01]: AppleIntelSKLGraphicsFramebuffer (DVMT for AppleIntelSKLGraphicsFramebuffer﻿ (Credits DalianSky) for 10.14.x) :: MatchOS: 10.14.x :: BinPatch :: data len: 5
0:181  0:000   - [02]: AppleIntelKBLGraph﻿icsFramebuffer﻿﻿﻿ (DVMT for AppleIntelKBLGraphicsFramebuffer﻿ (Credits DalianSky) for 10.14.x) :: MatchOS: 10.14.x :: BinPatch :: data len: 5
0:181  0:000   - [03]: AppleIntelCFLGraphicsFramebuffer (DVMT for AppleIntelCFLGraphicsFramebuffer﻿ (Credits DalianSky) for 10.14.x) :: MatchOS: 10.14.x :: BinPatch :: data len: 5
0:181  0:000   - [04]: AppleIntelCFLGraphicsFramebuffer (DVMT for AppleIntelCFLGraphicsFramebuffer﻿ (Credits DalianSky) for 10.14.x) :: MatchOS: 10.14.x :: BinPatch :: data len: 5
0:181  0:000   - [05]: AppleUSBXHCIPCI (Change 15 port limit to 24 in XHCI kext 10.13) :: BinPatch :: data len: 4
0:181  0:000   - [06]: com.apple.driver.AppleIntelSKLGraphicsFramebuffer (0x19160000/etc, 32MB BIOS, 19MB framebuffer 9MB cursor bytes (credit RehabMan)) :: BinPatch :: data len: 8
0:181  0:000   - [07]: com.apple.driver.AppleIntelSKLGraphicsFramebuffer (eDP, port 0000, 0x191e0000, 0x19160000, 0x19260000, 0x19270000, 0x191b0000, 0x19160002, 0x19260002, 0x191e0003, 0x19260004, 0x19270004, 0x193b0005 credit syscl) :: BinPatch :: data len: 20
0:181  0:000   - patch disabled at config
0:181  0:000   - [08]: com.apple.driver.AppleIntelSKLGraphicsFramebuffer (Enable lid wake for 0x19260002 credit syscl/lighting/Yating Zhou) :: BinPatch :: data len: 16
0:181  0:000   - patch disabled at config
0:181  0:000   - [09]: com.apple.driver.AppleIntelSKLGraphicsFramebuffer (Enable lid wake for 0x19260004 credit syscl/lighting/Yating Zhou) :: BinPatch :: data len: 16
0:181  0:000   - patch disabled at config
0:181  0:000   - [10]: com.apple.iokit.IOUSBHostFamily (USB port limit patch 10.14.x modify by DalianSky(credit ydeng)) :: MatchOS: 10.14.x :: BinPatch :: data len: 4
0:181  0:000   - [11]: com.apple.iokit.IOUSBHostFamily (USB port limit patch 10.14.x modify by DalianSky(credit PMHeart)) :: MatchOS: 10.14.x :: BinPatch :: data len: 4
0:181  0:000   - [12]: com.apple.driver.usb.AppleUSBXHCI (USB Port limit patch 10.14.x modify by DalianSky(credits PMheart)) :: MatchOS: 10.14.x :: BinPatch :: data len: 4
0:181  0:000   - [13]: com.apple.driver.usb.AppleUSBXHCI (USB Port limit patch 10.14.x modify by DalianSky(credits PMheart)) :: MatchOS: 10.14.x :: BinPatch :: data len: 4
0:181  0:000  KernelToPatch: 3 requested
0:181  0:000   - [00]: Disable panic kext logging on 10.13 Debug kernel :: MatchOS: 10.13 :: data len: 6
0:181  0:000   - [01]: Disable panic kext logging on 10.13 Release kernel :: MatchOS: 10.13 :: data len: 6
0:181  0:000   - [02]: MSR 0xE2 _xcpm_idle instant reboot(c) Pike R. Alpha :: data len: 8
0:181  0:000  Default theme: Hackintosh_ID
0:181  0:000  Hiding entries with string Preboot
0:181  0:000  === [ LoadDrivers ] =======================================
0:190  0:009  Loading HFSPlus.efi  status=Success
0:195  0:005   - driver needs connecting
0:195  0:000  Loading DataHubDxe-64.efi  status=Success
0:206  0:010  Loading apfs.efi  status=Success
0:232  0:026   - driver needs connecting
0:232  0:000  Loading FSInject-64.efi  status=Success
0:232  0:000  Loading ApfsDriverLoader-64.efi  status=Success
0:233  0:000   - driver needs connecting
0:233  0:000  Loading AppleUISupport-64.efi  status=Success
0:338  0:105  Loading AppleImageLoader-64.efi  status=Success
0:340  0:001  Loading EmuVariableUefi-64.efi  status=Success
0:340  0:000  EmuVariableUefi Initialize: VariableCommonInitialize = Success, orig services stored, install gEmuVariableControlProtocolGuid = Success
0:340  0:000  Loading SMCHelper-64.efi  status=Success
0:340  0:000  Loading AptioMemoryFix-64.efi  status=Success
0:345  0:004  Loading NvmExpressDxe-64.efi  status=Success
0:345  0:000   - driver needs connecting
0:345  0:000  Loading AudioDxe-64.efi  status=Success
0:346  0:000   - driver needs connecting
0:346  0:000  5 drivers needs connecting ...
0:346  0:000  PlatformDriverOverrideProtocol->GetDriver overriden
0:346  0:000  HFS+ driver loaded
0:346  0:000  APFS driver loaded
0:346  0:000  Searching for invalid DiskIo BY_DRIVER connects: not found, all ok
4:389  4:043  EmuVariable InstallEmulation: orig vars copied, emu.var.services installed, CreateEvent VirtualAddressChange = Success, CreateEvent ExitBootServices = Success, set Status=Success
4:406  0:016  === [ InitScreen ] ========================================
4:406  0:000  Console modes reported: 4, available modes:
4:406  0:000   - [01]: 80x25
4:406  0:000   - [02]: 80x25
4:406  0:000   - [03]: 100x31
4:406  0:000   - [04]: 240x56 (current mode)
4:406  0:000  SetMaxResolution: found best mode 3: 1920x1080
4:406  0:000   - already set
4:406  0:000  reinit: self device path=PciRoot(0x0)\Pci(0x14,0x0)\USB(0x1,0x0)\HD(1,GPT,D89276D8-16DB-4070-AF67-A11A46BFEB18,0x28,0x64000)
4:406  0:000  Using embedded font: Success
4:407  0:000  === [ GetMacAddress ] =====================================
4:407  0:000  MAC address of LAN #0= 48:4D:7E:B9:47:6B:
4:407  0:000  MAC address of LAN #1= 00:E0:4C:3B:16:38:
4:407  0:000  === [ ScanSPD ] ===========================================
4:407  0:000  Scanning SMBus [8086:A123], mmio: 0xF712A004, ioport: 0xF040, hostc: 0x1
4:425  0:018  Slot: 0 Type 26 4096MB 2400MHz Vendor=SK Hynix PartNo=HMA851U6AFR6N-UH SerialNo=08010500030C060D
4:444  0:018  Slot: 2 Type 26 4096MB 2400MHz Vendor=Kingston PartNo=9905678-014.A00G SerialNo=020302070A08050B
4:444  0:000  === [ GetAcpiTablesList ] =================================
4:444  0:000  Get Acpi Tables List from RSDT:
4:444  0:000   - [00]: FACP  CBX3    len=132
4:444  0:000   - [01]: APIC  CBX3    len=132
4:444  0:000   - [02]: FPDT  CBX3    len=68
4:444  0:000   - [03]: FIDT  CBX3    len=156
4:444  0:000   - [04]: MCFG  CBX3    len=60
4:444  0:000   - [05]: HPET  CBX3    len=56
4:444  0:000   - [06]: SSDT  SataTabl len=877
4:444  0:000   - [07]: BOOT  CBX3     len=40
4:444  0:000   - [08]: SSDT  SaSsdt  len=21612
4:444  0:000   - [09]: UEFI   len=66
4:444  0:000   - [10]: LPIT  SKL len=148
4:444  0:000   - [11]: SSDT  sensrhub len=584
4:444  0:000   - [12]: SSDT  PtidDevc len=11182
4:444  0:000   - [13]: SSDT  Ther_Rvp len=3043
4:444  0:000   - [14]: SSDT  zpodd len=1187
4:444  0:000   - [15]: DBGP   len=52
4:444  0:000   - [16]: DBG2   len=84
4:444  0:000   - [17]: SSDT  DELL__MT len=1551
4:444  0:000   - [18]: SSDT  CpuSsdt len=3699
4:444  0:000   - [19]: SLIC  CBX3    len=374
4:444  0:000   - [20]: BGRT   len=56
4:444  0:000   - [21]: DMAR  SKL  len=168
4:444  0:000   - [22]: ASF!   HCG len=165
4:444  0:000  Calibrated TSC Frequency = 3192449840 = 3192MHz
4:445  0:000  === [ GetUserSettings ] ===================================
4:445  0:000  Add 3 properties:
4:445  0:000   - [00]: NVidia Key: name, len: 9
4:445  0:000   - [01]: NVidia Key: IOName, len: 9
4:445  0:000   - [02]: NVidia Key: class-code, len: 4
4:445  0:000  USB FixOwnership: yes
4:445  0:000  Dropping 3 tables:
4:445  0:000   - [00]: Drop table  signature="#MCF" (46434D23)
4:445  0:000           - set table: 46434D23,                0 to drop: no
4:445  0:000   - [01]: Drop table  signature="DMAR" (52414D44)
4:445  0:000           - set table: 52414D44,                0 to drop: yes
4:445  0:000   - [02]: Drop table  signature="SSDT" (54445353) table-id="xh_rvp10" (30317076725F6878)
4:445  0:000           - set table: 54445353, 30317076725F6878 to drop: no
4:445  0:000   - final DSDT Fix mask=00000000
4:445  0:000  PatchesDSDT: 12 requested
4:445  0:000   - [00]: (change OSID to XSID (to avoid match against _OSI XOSI patch)) lenToFind: 4, lenToReplace: 4, Target Bridge: <null string>
4:445  0:000    patch disabled at config
4:445  0:000   - [01]: (change _OSI to XOSI) lenToFind: 4, lenToReplace: 4, Target Bridge: <null string>
4:445  0:000    patch disabled at config
4:445  0:000   - [02]: (change _DSM to XDSM) lenToFind: 4, lenToReplace: 4, Target Bridge: <null string>
4:445  0:000    patch disabled at config
4:445  0:000   - [03]: (change EC0 to EC) lenToFind: 4, lenToReplace: 4, Target Bridge: <null string>
4:445  0:000    patch disabled at config
4:445  0:000   - [04]: (change H_EC to EC) lenToFind: 4, lenToReplace: 4, Target Bridge: <null string>
4:445  0:000    patch disabled at config
4:445  0:000   - [05]: (change ECDV to EC) lenToFind: 4, lenToReplace: 4, Target Bridge: <null string>
4:445  0:000    patch disabled at config
4:445  0:000   - [06]: (change HDAS to HDEF) lenToFind: 4, lenToReplace: 4, Target Bridge: <null string>
4:445  0:000   - [07]: (change HECI to IMEI) lenToFind: 4, lenToReplace: 4, Target Bridge: <null string>
4:445  0:000   - [08]: (change MEI to IMEI) lenToFind: 4, lenToReplace: 4, Target Bridge: <null string>
4:445  0:000   - [09]: (change GFX0 to IGPU) lenToFind: 4, lenToReplace: 4, Target Bridge: <null string>
4:445  0:000   - [10]: (change PCI0.VID to IGPU #1 (Thinkpad)) lenToFind: 8, lenToReplace: 8, Target Bridge: <null string>
4:445  0:000   - [11]: (change PCI0.VID to IGPU #2 (Thinkpad)) lenToFind: 14, lenToReplace: 14, Target Bridge: <null string>
4:445  0:000  Using ProductName from config: MacBookAir6,2
4:445  0:000  BiosVersion: not set, Using BiosVersion from clover
4:445  0:000  BiosVersion: MBA61.88Z.F000.B00.1904162042
4:445  0:000  BiosReleaseDate: 04/16/2019
4:445  0:000  Using EfiVersion from clover: 115.0.0.0.0
4:445  0:000  Using FirmwareFeatures from clover: 0xE00FE137
4:445  0:000  Using FirmwareFeaturesMask from clover: 0xFF1FFF3F
4:445  0:000  PlatformFeature will not set in SMBIOS
4:445  0:000  === [ Found DSDT tables ] =================================
4:581  0:136  === [ ScanVolumes ] =======================================
4:581  0:000  Found 5 volumes with blockIO
4:581  0:000  - [00]: Volume: PciRoot(0x0)\Pci(0x14,0x0)\USB(0x1,0x0)
4:584  0:002          USB volume
4:584  0:000  - [01]: Volume: PciRoot(0x0)\Pci(0x14,0x0)\USB(0x1,0x0)\HD(1,GPT,D89276D8-16DB-4070-AF67-A11A46BFEB18,0x28,0x64000)
4:586  0:002          Result of bootcode detection: bootable unknown (legacy)
4:586  0:000          USB volume
4:586  0:000          This is SelfVolume !!
4:586  0:000  - [02]: Volume: PciRoot(0x0)\Pci(0x14,0x0)\USB(0x1,0x0)\HD(2,GPT,9E026D54-E099-48AB-9895-6DD66995E305,0x64028,0xC65DA0)
4:588  0:002          USB volume
4:588  0:000  - [03]: Volume: PciRoot(0x0)\Pci(0x17,0x0)\Sata(0x0,0xFFFF,0x0)
4:589  0:000          Result of bootcode detection: bootable Linux (grub,linux)
4:589  0:000  - [04]: Volume: PciRoot(0x0)\Pci(0x17,0x0)\Sata(0x0,0xFFFF,0x0)\HD(1,MBR,0x893E7051,0x800,0x3A385000)
4:590  0:000  PutNvramPlistToRtVars: nvram.plist not found
4:590  0:000  found 2 handles with audio
4:590  0:000  No AudioIoDevice stored
4:590  0:000  no stored audio parameters
4:590  0:000  === [ InitTheme ] =========================================
4:590  0:000  use night theme
4:604  0:014  Using theme 'Hackintosh_ID' (EFI\CLOVER\themes\Hackintosh_ID)
4:604  0:000  OS main and drive as badge
4:604  0:000  file sound read: sound_night.wav Not Found
4:604  0:000  file sound read: sound.wav Not Found
4:605  0:000  Loading font from ThemeDir: Success
4:605  0:000  theme inited
4:605  0:000  Chosen theme Hackintosh_ID
4:605  0:000  after NVRAM boot-args=dart=0 nv_disable=1 kext-dev-mode=1
4:605  0:000  === [ Dump SMC keys from NVRAM ] ==========================
4:605  0:000  found AppleSMC protocol
4:605  0:000  Registered 0 SMC keys
4:605  0:000  === [ AddCustomEntries ] ==================================
4:605  0:000  Custom entry 0 Title:"Recovery" Path:"\com.apple.recovery.boot\boot.efi" Type:10 Flags:0x6 matching all volumes
4:605  0:000      Checking volume "EFI" (PciRoot(0x0)\Pci(0x14,0x0)\USB(0x1,0x0)\HD(1,GPT,D89276D8-16DB-4070-AF67-A11A46BFEB18,0x28,0x64000)) ... skipped because path does not exist
4:605  0:000      Checking volume "Install macOS Mojave" (PciRoot(0x0)\Pci(0x14,0x0)\USB(0x1,0x0)\HD(2,GPT,9E026D54-E099-48AB-9895-6DD66995E305,0x64028,0xC65DA0)) ... skipped because path does not exist
4:605  0:000  Custom entry 1 Title:"Windows" Path:"\EFI\Microsoft\Boot\bootmgfw.efi" Options:"-s -h" Type:7 Flags:0x0 matching all volumes
4:605  0:000      Checking volume "EFI" (PciRoot(0x0)\Pci(0x14,0x0)\USB(0x1,0x0)\HD(1,GPT,D89276D8-16DB-4070-AF67-A11A46BFEB18,0x28,0x64000)) ... skipped because path does not exist
4:605  0:000      Checking volume "Install macOS Mojave" (PciRoot(0x0)\Pci(0x14,0x0)\USB(0x1,0x0)\HD(2,GPT,9E026D54-E099-48AB-9895-6DD66995E305,0x64028,0xC65DA0)) ... skipped because path does not exist
4:605  0:000  === [ ScanLoader ] ========================================
4:605  0:000  - [01]: 'EFI'
4:709  0:103          AddLoaderEntry for Volume Name=EFI
4:709  0:000          skipped because entry is hidden
4:709  0:000  - [02]: 'Install macOS Mojave'
4:712  0:002          AddLoaderEntry for Volume Name=Install macOS Mojave
4:757  0:045  === [ AddCustomTool ] =====================================
4:757  0:000  found tool \EFI\CLOVER\tools\Shell64U.efi
4:757  0:000  Checking EFI partition Volume 1 for Clover
4:757  0:000   Found Clover
4:757  0:000  EmuVariable UninstallEmulation: CloseEvent = Success, original var services restored
4:758  0:000  EmuVariable InstallEmulation: orig vars copied, emu.var.services installed, CreateEvent VirtualAddressChange = Success, CreateEvent ExitBootServices = Success, set Status=Success
4:775  0:017  === [ GetEfiBootDeviceFromNvram ] =========================
4:775  0:000  Default boot entry not found
4:775  0:000  EmuVariable UninstallEmulation: CloseEvent = Success, original var services restored
4:775  0:000  DefaultIndex=-1 and MainMenu.EntryCount=7
4:889  0:113  GUI ready
24:504  19:614  EDITED: MacBookAir6,2
68:047  43:543  Boot option Boot0000 not found
68:047  0:000  === [ StartLoader ] =======================================
68:047  0:000  Finally: ExternalClock=25MHz BusSpeed=99765kHz CPUFreq=3192MHz PIS: hw.busfrequency=100000000Hz
68:048  0:000  Loading boot.efi  status=Success
68:154  0:105  GetOSVersion: 10.14.5 (18F132)
68:154  0:000  CSR_CFG: CSR_ALLOW_UNTRUSTED_KEXTS | CSR_ALLOW_UNRESTRICTED_FS | CSR_ALLOW_TASK_FOR_PID | CSR_ALLOW_UNRESTRICTED_DTRACE | CSR_ALLOW_UNRESTRICTED_NVRAM
68:154  0:000  Filtering KextPatches:
68:154  0:000   - [00]: AppleIntelBDWGraphicsFramebuffer (DVMT for AppleIntelBDWGraphicsFramebuffer (Credits DalianSky) for 10.14.x) :: BinPatch :: [OS: 10.14.5 | MatchOS: 10.14.x | MatchBuild: All] ==> allowed
68:154  0:000   - [01]: AppleIntelSKLGraphicsFramebuffer (DVMT for AppleIntelSKLGraphicsFramebuffer﻿ (Credits DalianSky) for 10.14.x) :: BinPatch :: [OS: 10.14.5 | MatchOS: 10.14.x | MatchBuild: All] ==> allowed
68:154  0:000   - [02]: AppleIntelKBLGraph﻿icsFramebuffer﻿﻿﻿ (DVMT for AppleIntelKBLGraphicsFramebuffer﻿ (Credits DalianSky) for 10.14.x) :: BinPatch :: [OS: 10.14.5 | MatchOS: 10.14.x | MatchBuild: All] ==> allowed
68:154  0:000   - [03]: AppleIntelCFLGraphicsFramebuffer (DVMT for AppleIntelCFLGraphicsFramebuffer﻿ (Credits DalianSky) for 10.14.x) :: BinPatch :: [OS: 10.14.5 | MatchOS: 10.14.x | MatchBuild: All] ==> allowed
68:154  0:000   - [04]: AppleIntelCFLGraphicsFramebuffer (DVMT for AppleIntelCFLGraphicsFramebuffer﻿ (Credits DalianSky) for 10.14.x) :: BinPatch :: [OS: 10.14.5 | MatchOS: 10.14.x | MatchBuild: All] ==> allowed
68:154  0:000   - [05]: AppleUSBXHCIPCI (Change 15 port limit to 24 in XHCI kext 10.13) :: BinPatch :: [OS: 10.14.5 | MatchOS: All | MatchBuild: All] ==> allowed
68:154  0:000   - [06]: com.apple.driver.AppleIntelSKLGraphicsFramebuffer (0x19160000/etc, 32MB BIOS, 19MB framebuffer 9MB cursor bytes (credit RehabMan)) :: BinPatch :: [OS: 10.14.5 | MatchOS: All | MatchBuild: All] ==> allowed
68:154  0:000   - [07]: com.apple.driver.AppleIntelSKLGraphicsFramebuffer (eDP, port 0000, 0x191e0000, 0x19160000, 0x19260000, 0x19270000, 0x191b0000, 0x19160002, 0x19260002, 0x191e0003, 0x19260004, 0x19270004, 0x193b0005 credit syscl) :: BinPatch :: [OS: 10.14.5 | MatchOS: All | MatchBuild: All] ==> disabled by user
68:154  0:000   - [08]: com.apple.driver.AppleIntelSKLGraphicsFramebuffer (Enable lid wake for 0x19260002 credit syscl/lighting/Yating Zhou) :: BinPatch :: [OS: 10.14.5 | MatchOS: All | MatchBuild: All] ==> disabled by user
68:154  0:000   - [09]: com.apple.driver.AppleIntelSKLGraphicsFramebuffer (Enable lid wake for 0x19260004 credit syscl/lighting/Yating Zhou) :: BinPatch :: [OS: 10.14.5 | MatchOS: All | MatchBuild: All] ==> disabled by user
68:154  0:000   - [10]: com.apple.iokit.IOUSBHostFamily (USB port limit patch 10.14.x modify by DalianSky(credit ydeng)) :: BinPatch :: [OS: 10.14.5 | MatchOS: 10.14.x | MatchBuild: All] ==> allowed
68:154  0:000   - [11]: com.apple.iokit.IOUSBHostFamily (USB port limit patch 10.14.x modify by DalianSky(credit PMHeart)) :: BinPatch :: [OS: 10.14.5 | MatchOS: 10.14.x | MatchBuild: All] ==> allowed
68:154  0:000   - [12]: com.apple.driver.usb.AppleUSBXHCI (USB Port limit patch 10.14.x modify by DalianSky(credits PMheart)) :: BinPatch :: [OS: 10.14.5 | MatchOS: 10.14.x | MatchBuild: All] ==> allowed
68:154  0:000   - [13]: com.apple.driver.usb.AppleUSBXHCI (USB Port limit patch 10.14.x modify by DalianSky(credits PMheart)) :: BinPatch :: [OS: 10.14.5 | MatchOS: 10.14.x | MatchBuild: All] ==> allowed
68:154  0:000  Filtering KernelPatches:
68:154  0:000   - [00]: Disable panic kext logging on 10.13 Debug kernel :: [OS: 10.14.5 | MatchOS: 10.13 | MatchBuild: no] ==> not allowed by OS
68:154  0:000   - [01]: Disable panic kext logging on 10.13 Release kernel :: [OS: 10.14.5 | MatchOS: 10.13 | MatchBuild: no] ==> not allowed by OS
68:154  0:000   - [02]: MSR 0xE2 _xcpm_idle instant reboot(c) Pike R. Alpha :: [OS: 10.14.5 | MatchOS: All | MatchBuild: no] ==> allowed by OS
68:154  0:000  Will not patch boot.efi
68:154  0:000  EmuVariable InstallEmulation: orig vars copied, emu.var.services installed, CreateEvent VirtualAddressChange = Success, CreateEvent ExitBootServices = Success, set Status=Success
68:171  0:017  === [ PatchSmbios ] =======================================
68:171  0:000  insert table 9 for dev 0:0
68:172  0:000  Trusting SMBIOS...
68:172  0:000  Detected alternating SMBIOS channel banks
68:172  0:000  Channels: 2
68:172  0:000  Interleave: 0 2 1 3 4 6 5 7 8 10 9 11 12 14 13 15 16 18 17 19 20 22 21 23
68:172  0:000   partNum=HMA851U6AFR6N-UH    
68:172  0:000  SMBIOS Type 17 Index = 0 => 0 0:
68:172  0:000  BANK 0 DIMM0 2400MHz 4096MB
68:172  0:000   partNum=9905678-014.A00G    
68:172  0:000  SMBIOS Type 17 Index = 1 => 1 2:
68:172  0:000  BANK 1 DIMM0 2400MHz 4096MB
68:172  0:000  mTotalSystemMemory = 8192
68:172  0:000  NumberOfMemoryDevices = 2
68:172  0:000  Type20[0]->End = 0x3FFFFF, Type17[0] = 0x1000
68:172  0:000  Type20[1]->End = 0x7FFFFF, Type17[1] = 0x3000
68:172  0:000  Table 131 is present, CPUType=35
68:172  0:000  Change to: 605
68:172  0:000  === [ PatchACPI ] =========================================
68:172  0:000  Xsdt reallocation done
68:172  0:000  old FADT length=10C
68:172  0:000   SignatureFixup: 0x39996C0F -> 0x0
68:179  0:007  Apply DsdtFixMask=0x00000000
68:179  0:000     drop _DSM mask=0xFFFF
68:179  0:000  === [ FixBiosDsdt ] =======================================
68:179  0:000  Patching DSDT:
68:179  0:000   - [change OSID to XSID (to avoid match against _OSI XOSI patch)]: disabled
68:179  0:000   - [change _OSI to XOSI]: disabled
68:179  0:000   - [change _DSM to XDSM]: disabled
68:179  0:000   - [change EC0 to EC]: disabled
68:179  0:000   - [change H_EC to EC]: disabled
68:179  0:000   - [change ECDV to EC]: disabled
68:179  0:000   - [change HDAS to HDEF]: pattern 48444153, patched at: [ (9A45) (1B12) (8E) (D) (A1) (6A) ]
68:179  0:000   - [change HECI to IMEI]: pattern 48454349, patched at: [ (F038) ]
68:179  0:000   - [change MEI to IMEI]: pattern 4D45495F, bin not found / already patched!
68:179  0:000   - [change GFX0 to IGPU]: pattern 47465830, patched at: [ (2F2F) (59B6) (6B9E) (1B) (2FBA) (14) (7A13) (169F) (5B70) ]
68:180  0:000   - [change PCI0.VID to IGPU #1 (Thinkpad)]: pattern 50434930, bin not found / already patched!
68:180  0:000   - [change PCI0.VID to IGPU #2 (Thinkpad)]: pattern 5649445F, bin not found / already patched!
68:180  0:000    0 replacements
68:180  0:000  PreCleanup XSDT: count=23, length=220
68:180  0:000  PreCleanup XSDT, corrected XSDT: count=23, length=220
68:180  0:000  === [ ACPIPatchedAML ] ====================================
68:180  0:000  AutoMerge pass 1
68:180  0:000  Unsorted
68:180  0:000  Inserting SSDT-Disable-DGPU.aml from EFI\CLOVER\ACPI\patched: ignore on pass 1
68:180  0:000  Inserting SSDT-UIAC-ALL.aml from EFI\CLOVER\ACPI\patched: ignore on pass 1
68:180  0:000  === [ ACPIDropTables ] ====================================
68:180  0:000  Drop tables from XSDT, SIGN=DMAR TableID=SKL  Length=168
68:180  0:000   Table[21]: DMAR  SKL   168 dropped
68:180  0:000  0. [change OSID to XSID (to avoid match against _OSI XOSI patch)]: disabled
68:180  0:000  1. [change _OSI to XOSI]: disabled
68:180  0:000  2. [change _DSM to XDSM]: disabled
68:180  0:000  3. [change EC0 to EC]: disabled
68:180  0:000  4. [change H_EC to EC]: disabled
68:180  0:000  5. [change ECDV to EC]: disabled
68:180  0:000  6. [change HDAS to HDEF]: pattern 48444153, bin not found / already patched!
68:180  0:000  7. [change HECI to IMEI]: pattern 48454349, bin not found / already patched!
68:180  0:000  8. [change MEI to IMEI]: pattern 4D45495F, bin not found / already patched!
68:180  0:000  9. [change GFX0 to IGPU]: pattern 47465830, bin not found / already patched!
68:180  0:000  10. [change PCI0.VID to IGPU #1 (Thinkpad)]: pattern 50434930, bin not found / already patched!
68:180  0:000  11. [change PCI0.VID to IGPU #2 (Thinkpad)]: pattern 5649445F, bin not found / already patched!
68:180  0:000    0 replacements
68:180  0:000  0. [change OSID to XSID (to avoid match against _OSI XOSI patch)]: disabled
68:180  0:000  1. [change _OSI to XOSI]: disabled
68:180  0:000  2. [change _DSM to XDSM]: disabled
68:180  0:000  3. [change EC0 to EC]: disabled
68:180  0:000  4. [change H_EC to EC]: disabled
68:180  0:000  5. [change ECDV to EC]: disabled
68:180  0:000  6. [change HDAS to HDEF]: pattern 48444153, bin not found / already patched!
68:180  0:000  7. [change HECI to IMEI]: pattern 48454349, bin not found / already patched!
68:180  0:000  8. [change MEI to IMEI]: pattern 4D45495F, bin not found / already patched!
68:180  0:000  9. [change GFX0 to IGPU]: pattern 47465830, patched at: [ (DD3) (1C8A) (A66) (1D) (716) ]
68:181  0:000  10. [change PCI0.VID to IGPU #1 (Thinkpad)]: pattern 50434930, bin not found / already patched!
68:181  0:000  11. [change PCI0.VID to IGPU #2 (Thinkpad)]: pattern 5649445F, bin not found / already patched!
68:181  0:000    0 replacements
68:181  0:000  Found OperationRegion(SANV, SystemMemory, CBFB7D98, ...)
68:181  0:000  0. [change OSID to XSID (to avoid match against _OSI XOSI patch)]: disabled
68:181  0:000  1. [change _OSI to XOSI]: disabled
68:181  0:000  2. [change _DSM to XDSM]: disabled
68:181  0:000  3. [change EC0 to EC]: disabled
68:181  0:000  4. [change H_EC to EC]: disabled
68:181  0:000  5. [change ECDV to EC]: disabled
68:181  0:000  6. [change HDAS to HDEF]: pattern 48444153, bin not found / already patched!
68:181  0:000  7. [change HECI to IMEI]: pattern 48454349, bin not found / already patched!
68:181  0:000  8. [change MEI to IMEI]: pattern 4D45495F, bin not found / already patched!
68:181  0:000  9. [change GFX0 to IGPU]: pattern 47465830, bin not found / already patched!
68:181  0:000  10. [change PCI0.VID to IGPU #1 (Thinkpad)]: pattern 50434930, bin not found / already patched!
68:181  0:000  11. [change PCI0.VID to IGPU #2 (Thinkpad)]: pattern 5649445F, bin not found / already patched!
68:181  0:000    0 replacements
68:181  0:000  0. [change OSID to XSID (to avoid match against _OSI XOSI patch)]: disabled
68:181  0:000  1. [change _OSI to XOSI]: disabled
68:181  0:000  2. [change _DSM to XDSM]: disabled
68:181  0:000  3. [change EC0 to EC]: disabled
68:181  0:000  4. [change H_EC to EC]: disabled
68:181  0:000  5. [change ECDV to EC]: disabled
68:181  0:000  6. [change HDAS to HDEF]: pattern 48444153, bin not found / already patched!
68:181  0:000  7. [change HECI to IMEI]: pattern 48454349, bin not found / already patched!
68:181  0:000  8. [change MEI to IMEI]: pattern 4D45495F, bin not found / already patched!
68:181  0:000  9. [change GFX0 to IGPU]: pattern 47465830, bin not found / already patched!
68:181  0:000  10. [change PCI0.VID to IGPU #1 (Thinkpad)]: pattern 50434930, bin not found / already patched!
68:181  0:000  11. [change PCI0.VID to IGPU #2 (Thinkpad)]: pattern 5649445F, bin not found / already patched!
68:181  0:000    0 replacements
68:181  0:000  0. [change OSID to XSID (to avoid match against _OSI XOSI patch)]: disabled
68:181  0:000  1. [change _OSI to XOSI]: disabled
68:181  0:000  2. [change _DSM to XDSM]: disabled
68:181  0:000  3. [change EC0 to EC]: disabled
68:181  0:000  4. [change H_EC to EC]: disabled
68:181  0:000  5. [change ECDV to EC]: disabled
68:181  0:000  6. [change HDAS to HDEF]: pattern 48444153, bin not found / already patched!
68:181  0:000  7. [change HECI to IMEI]: pattern 48454349, bin not found / already patched!
68:181  0:000  8. [change MEI to IMEI]: pattern 4D45495F, bin not found / already patched!
68:181  0:000  9. [change GFX0 to IGPU]: pattern 47465830, bin not found / already patched!
68:181  0:000  10. [change PCI0.VID to IGPU #1 (Thinkpad)]: pattern 50434930, bin not found / already patched!
68:181  0:000  11. [change PCI0.VID to IGPU #2 (Thinkpad)]: pattern 5649445F, bin not found / already patched!
68:181  0:000    0 replacements
68:181  0:000  0. [change OSID to XSID (to avoid match against _OSI XOSI patch)]: disabled
68:181  0:000  1. [change _OSI to XOSI]: disabled
68:181  0:000  2. [change _DSM to XDSM]: disabled
68:181  0:000  3. [change EC0 to EC]: disabled
68:181  0:000  4. [change H_EC to EC]: disabled
68:181  0:000  5. [change ECDV to EC]: disabled
68:181  0:000  6. [change HDAS to HDEF]: pattern 48444153, bin not found / already patched!
68:181  0:000  7. [change HECI to IMEI]: pattern 48454349, bin not found / already patched!
68:181  0:000  8. [change MEI to IMEI]: pattern 4D45495F, bin not found / already patched!
68:181  0:000  9. [change GFX0 to IGPU]: pattern 47465830, bin not found / already patched!
68:181  0:000  10. [change PCI0.VID to IGPU #1 (Thinkpad)]: pattern 50434930, bin not found / already patched!
68:181  0:000  11. [change PCI0.VID to IGPU #2 (Thinkpad)]: pattern 5649445F, bin not found / already patched!
68:181  0:000    0 replacements
68:181  0:000  0. [change OSID to XSID (to avoid match against _OSI XOSI patch)]: disabled
68:181  0:000  1. [change _OSI to XOSI]: disabled
68:181  0:000  2. [change _DSM to XDSM]: disabled
68:181  0:000  3. [change EC0 to EC]: disabled
68:181  0:000  4. [change H_EC to EC]: disabled
68:181  0:000  5. [change ECDV to EC]: disabled
68:181  0:000  6. [change HDAS to HDEF]: pattern 48444153, bin not found / already patched!
68:181  0:000  7. [change HECI to IMEI]: pattern 48454349, bin not found / already patched!
68:181  0:000  8. [change MEI to IMEI]: pattern 4D45495F, bin not found / already patched!
68:181  0:000  9. [change GFX0 to IGPU]: pattern 47465830, bin not found / already patched!
68:181  0:000  10. [change PCI0.VID to IGPU #1 (Thinkpad)]: pattern 50434930, bin not found / already patched!
68:181  0:000  11. [change PCI0.VID to IGPU #2 (Thinkpad)]: pattern 5649445F, bin not found / already patched!
68:181  0:000    0 replacements
68:181  0:000  0. [change OSID to XSID (to avoid match against _OSI XOSI patch)]: disabled
68:181  0:000  1. [change _OSI to XOSI]: disabled
68:181  0:000  2. [change _DSM to XDSM]: disabled
68:181  0:000  3. [change EC0 to EC]: disabled
68:181  0:000  4. [change H_EC to EC]: disabled
68:181  0:000  5. [change ECDV to EC]: disabled
68:181  0:000  6. [change HDAS to HDEF]: pattern 48444153, bin not found / already patched!
68:181  0:000  7. [change HECI to IMEI]: pattern 48454349, bin not found / already patched!
68:181  0:000  8. [change MEI to IMEI]: pattern 4D45495F, bin not found / already patched!
68:181  0:000  9. [change GFX0 to IGPU]: pattern 47465830, bin not found / already patched!
68:181  0:000  10. [change PCI0.VID to IGPU #1 (Thinkpad)]: pattern 50434930, bin not found / already patched!
68:181  0:000  11. [change PCI0.VID to IGPU #2 (Thinkpad)]: pattern 5649445F, bin not found / already patched!
68:181  0:000    0 replacements
68:181  0:000  Found OperationRegion(PNVS, SystemMemory, C57F1000, ...)
68:181  0:000  === [ ACPIPatchedAML ] ====================================
68:181  0:000  AutoMerge pass 2
68:181  0:000  Unsorted
68:181  0:000  Inserting SSDT-Disable-DGPU.aml from EFI\CLOVER\ACPI\patched: size=1411 ... Success
68:181  0:000  Inserting SSDT-UIAC-ALL.aml from EFI\CLOVER\ACPI\patched: size=7540 ... Success
68:181  0:000  CPUBase=0 and ApicCPUBase=1 ApicCPUNum=1
68:181  0:000  Maximum control=0x20
68:181  0:000  Turbo control=0x24
68:181  0:000  P-States: min 0x8, max 0x24
68:181  0:000  SSDT with plugin-type without P-States is generated
68:181  0:000  Cleanup XSDT: count=26, length=244
68:181  0:000  corrected XSDT count=25, length=236
68:181  0:000  === [ RestSetup macOS ] ===================================
68:181  0:000  EdidDiscovered size=128
68:181  0:000  --- Discovered EDID Table size:128
68:181  0:000  000  |  00  FF  FF  FF  FF  FF  FF  00  10  AC
68:181  0:000  010  |  F3  40  42  47  43  30  32  1A  01  04
68:181  0:000  020  |  A5  33  1D  78  3A  EB  F5  A6  56  51
68:181  0:000  030  |  9C  26  10  50  54  A5  4B  00  71  4F
68:181  0:000  040  |  81  80  A9  C0  D1  C0  01  01  01  01
68:181  0:000  050  |  01  01  01  01  02  3A  80  18  71  38
68:181  0:000  060  |  2D  40  58  2C  45  00  FD  1E  11  00
68:181  0:000  070  |  00  1E  00  00  00  FF  00  32  4A  30
68:181  0:000  080  |  36  52  36  43  37  30  43  47  42  0A
68:181  0:000  090  |  00  00  00  FC  00  44  45  4C  4C  20
68:181  0:000  100  |  50  32  33  31  37  48  0A  20  00  00
68:181  0:000  110  |  00  FD  00  38  4C  1E  53  11  01  0A
68:181  0:000  120  |  20  20  20  20  20  20  00  4D
68:181  0:000  Intel HD Graphics 530 [8086:1912] :: PciRoot(0x0)\Pci(0x2,0x0)
68:181  0:000  Intel GFX revision  = 0x6
68:181  0:000   RCBA disabled; cannot use it
68:181  0:000  stringlength = 1480
68:181  0:000  CurrentMode: Width=1920 Height=1080
68:181  0:000  Beginning FSInjection
FSInjectionInstall ...
- Our FSI_SIMPLE_FILE_SYSTEM_PROTOCOL installed on handle: C8FD4298
FSInjectionInstall ...
- Our FSI_SIMPLE_FILE_SYSTEM_PROTOCOL installed on handle: C8FD4298
68:188  0:007  Use origin smbios table type 1 guid.
68:190  0:001    Force kext: System\Library\Extensions\IONetworkingFamily.kext
68:190  0:000  Failed to load extra kext (Info.plist not found): System\Library\Extensions\IONetworkingFamily.kext
68:190  0:000  Preparing kexts injection for arch=x86_64 from EFI\CLOVER\kexts\Other
68:190  0:000  Extra kext: EFI\CLOVER\kexts\Other\XHCI-unsupported.kext (v.0.9.2)
68:199  0:008  Extra kext: EFI\CLOVER\kexts\Other\AHCI_Intel_Generic_SATA.kext (v.0.5)
68:199  0:000  Extra kext: EFI\CLOVER\kexts\Other\SATA-200-series-unsupported.kext (v.0.5.1)
68:200  0:000  Extra kext: EFI\CLOVER\kexts\Other\HoRNDIS.kext (v.6)
68:205  0:005  Extra kext: EFI\CLOVER\kexts\Other\VoodooPS2Controller_v1.9.2.kext (v.1.9.2)
68:206  0:000    |-- PlugIn kext: EFI\CLOVER\kexts\Other\VoodooPS2Controller_v1.9.2.kext\Contents\PlugIns\VoodooPS2Mouse.kext (v.1.9.2)
68:206  0:000    |-- PlugIn kext: EFI\CLOVER\kexts\Other\VoodooPS2Controller_v1.9.2.kext\Contents\PlugIns\VoodooPS2Keyboard.kext (v.1.9.2)
68:212  0:005    |-- PlugIn kext: EFI\CLOVER\kexts\Other\VoodooPS2Controller_v1.9.2.kext\Contents\PlugIns\VoodooPS2Trackpad.kext (v.1.9.2)
68:213  0:001  Extra kext: EFI\CLOVER\kexts\Other\AHCI_3rdParty_eSATA.kext (v.0.5)
68:216  0:002  Extra kext: EFI\CLOVER\kexts\Other\FakeSMC_v1800.kext (v.1800)
68:231  0:015  Extra kext: EFI\CLOVER\kexts\Other\AppleIGB.kext (v.5.3.5)
68:261  0:030  Extra kext: EFI\CLOVER\kexts\Other\USBInjectAll_v0.7.1.kext (v.0.7.1)
68:299  0:037  Extra kext: EFI\CLOVER\kexts\Other\AppleIntelE1000e.kext (v.3.3.6)
68:319  0:020  Extra kext: EFI\CLOVER\kexts\Other\GenericUSBXHCI.kext (v.1.2.11)
68:331  0:012  Extra kext: EFI\CLOVER\kexts\Other\SATA-RAID-unsupported.kext (v.0.9.2)
68:331  0:000  Extra kext: EFI\CLOVER\kexts\Other\RealtekRTL8111.kext (v.2.2.2)
68:354  0:022  Extra kext: EFI\CLOVER\kexts\Other\XHCI-200-series-injector.kext (v.0.5.0)
68:354  0:000  Extra kext: EFI\CLOVER\kexts\Other\WhateverGreen_v1.2.9.kext (v.1.2.9)
68:375  0:020  Extra kext: EFI\CLOVER\kexts\Other\IntelMausiEthernet.kext (v.2.5.0d0)
68:383  0:008  Extra kext: EFI\CLOVER\kexts\Other\SATA-100-series-unsupported.kext (v.0.5.1)
68:383  0:000  Extra kext: EFI\CLOVER\kexts\Other\AtherosE2200Ethernet.kext (v.2.2.2)
68:392  0:008  Extra kext: EFI\CLOVER\kexts\Other\Lilu_v1.3.6.kext (v.1.3.6)
68:403  0:011  Extra kext: EFI\CLOVER\kexts\Other\XHCI-300-series-injector.kext (v.0.5.0)
68:404  0:000  Extra kext: EFI\CLOVER\kexts\Other\AHCI_3rdParty_SATA.kext (v.0.5)
68:406  0:002  Extra kext: EFI\CLOVER\kexts\Other\RealtekRTL8100.kext (v.2.0.1)
68:416  0:009  SetStartupDiskVolume:
68:416  0:000    * Volume: 'Install macOS Mojave'
68:416  0:000    * LoaderPath: '\System\Library\CoreServices\boot.efi'
68:416  0:000    * DevPath: Install macOS Mojave
68:416  0:000    * GUID = 9E026D54-E099-48AB-9895-6DD66995E305
68:416  0:000    * efi-boot-device: <array><dict><key>IOMatch</key><dict><key>IOProviderClass</key><string>IOMedia</string><key>IOPropertyMatch</key><dict><key>UUID</key><string>9E026D54-E099-48AB-9895-6DD66995E305</string></dict></dict></dict></array>
68:416  0:000  SetScreenResolution: 1920x1080 - already set
68:416  0:000  Custom boot is disabled
68:416  0:000  Closing log
